<?xml version="1.0" encoding="UTF-8"?>
<!-- Generated by org.testng.reporters.JUnitReportReporter -->
<testsuite hostname="DESKTOP-0L4OL9P" failures="0" tests="1" name="test.verifyShoppingCategoriesTest" time="13.413" errors="0" timestamp="2024-01-09T00:09:52 IST" skipped="0">
  <testcase classname="test.verifyShoppingCategoriesTest" name="verifyIfUserIsAbleToAccessShoppingCategorie" time="13.413"/>
  <system-out/>
</testsuite> <!-- test.verifyShoppingCategoriesTest -->
