<?xml version="1.0" encoding="UTF-8"?>
<!-- Generated by org.testng.reporters.JUnitReportReporter -->
<testsuite hostname="DESKTOP-0L4OL9P" failures="0" tests="1" name="test.AddtoCartPage" time="11.474" errors="0" timestamp="2024-01-05T00:21:43 IST" skipped="0">
  <testcase classname="test.AddtoCartPage" name="verifyIfUserIsAbleToAddProductToCartUsingQuickViewOption" time="11.474"/>
  <system-out/>
</testsuite> <!-- test.AddtoCartPage -->
