<?xml version="1.0" encoding="UTF-8"?>
<!-- Generated by org.testng.reporters.JUnitReportReporter -->
<testsuite hostname="DESKTOP-0L4OL9P" failures="0" tests="2" name="test.productDisplayPage" time="20.966" errors="0" timestamp="2024-01-04T20:05:20 IST" skipped="0">
  <testcase classname="test.productDisplayPage" name="verifyProductDisplayedOnValidSearch" time="13.733"/>
  <system-out/>
  <testcase classname="test.productDisplayPage" name="verifyProductNotDisplayedOnInvalidSearch" time="7.233"/>
  <system-out/>
</testsuite> <!-- test.productDisplayPage -->
