<?xml version="1.0" encoding="UTF-8"?>
<!-- Generated by org.testng.reporters.JUnitReportReporter -->
<testsuite hostname="DESKTOP-0L4OL9P" failures="0" tests="2" name="test.AddMultipleProductOnCart" time="29.648" errors="0" timestamp="2024-01-09T23:55:01 IST" skipped="0">
  <testcase classname="test.AddMultipleProductOnCart" name="verifyIfUserIsAbleToAddMultipleProductToCartUsingQuickViewOption" time="16.068"/>
  <system-out/>
  <testcase classname="test.AddMultipleProductOnCart" name="verifyIfUserIsAbleToAddMultipleProductToCartUsingQuickViewOption" time="13.580"/>
  <system-out/>
</testsuite> <!-- test.AddMultipleProductOnCart -->
