<?xml version="1.0" encoding="UTF-8"?>
<!-- Generated by org.testng.reporters.JUnitReportReporter -->
<testsuite hostname="DESKTOP-0L4OL9P" failures="0" tests="2" name="test.verifyIfUserIsAbleToSearchProduct" time="22.450" errors="0" timestamp="2024-01-09T23:55:01 IST" skipped="0">
  <testcase classname="test.verifyIfUserIsAbleToSearchProduct" name="verifyIfUserIsAbleToSearchProducts" time="14.347"/>
  <system-out/>
  <testcase classname="test.verifyIfUserIsAbleToSearchProduct" name="verifyIfUserIsAbleToSearchProducts" time="8.103"/>
  <system-out/>
</testsuite> <!-- test.verifyIfUserIsAbleToSearchProduct -->
