<?xml version="1.0" encoding="UTF-8"?>
<!-- Generated by org.testng.reporters.JUnitReportReporter -->
<testsuite hostname="DESKTOP-0L4OL9P" failures="0" tests="1" name="test.verifyIfUserIsAbleToSearchProduct" time="9.189" errors="0" timestamp="2024-01-09T00:09:52 IST" skipped="0">
  <testcase classname="test.verifyIfUserIsAbleToSearchProduct" name="verifyIfUserIsAbleToSearchProducts" time="9.189"/>
  <system-out/>
</testsuite> <!-- test.verifyIfUserIsAbleToSearchProduct -->
