<?xml version="1.0" encoding="UTF-8"?>
<!-- Generated by org.testng.reporters.JUnitReportReporter -->
<testsuite hostname="DESKTOP-0L4OL9P" failures="0" tests="1" name="test.AddtoCartPage" time="17.209" errors="0" timestamp="2024-01-18T00:31:33 IST" skipped="0">
  <testcase classname="test.AddtoCartPage" name="verifyIfUserIsAbleToAddProductToCartUsingQuickViewOption" time="17.209"/>
  <system-out/>
</testsuite> <!-- test.AddtoCartPage -->
