<?xml version="1.0" encoding="UTF-8"?>
<!-- Generated by org.testng.reporters.JUnitReportReporter -->
<testsuite hostname="DESKTOP-0L4OL9P" failures="0" tests="2" name="test.verifyShoppingCategoriesTest" time="19.975" errors="0" timestamp="2024-01-09T23:55:01 IST" skipped="0">
  <testcase classname="test.verifyShoppingCategoriesTest" name="verifyIfUserIsAbleToAccessShoppingCategorie" time="9.658"/>
  <system-out/>
  <testcase classname="test.verifyShoppingCategoriesTest" name="verifyIfUserIsAbleToAccessShoppingCategorie" time="10.317"/>
  <system-out/>
</testsuite> <!-- test.verifyShoppingCategoriesTest -->
