<?xml version="1.0" encoding="UTF-8"?>
<!-- Generated by org.testng.reporters.JUnitReportReporter -->
<testsuite hostname="DESKTOP-0L4OL9P" failures="0" tests="1" name="test.RemoveElementsFromCart" time="23.152" errors="0" timestamp="2024-01-08T21:58:03 IST" skipped="0">
  <testcase classname="test.RemoveElementsFromCart" name="verifyIfUserIsAbleToRemoveTheProductFromCart" time="23.152"/>
  <system-out/>
</testsuite> <!-- test.RemoveElementsFromCart -->
