<?xml version="1.0" encoding="UTF-8"?>
<!-- Generated by org.testng.reporters.JUnitReportReporter -->
<testsuite hostname="DESKTOP-0L4OL9P" failures="0" tests="4" name="test.VerifyDetails" time="75.574" errors="0" timestamp="2024-01-13T22:40:07 IST" skipped="0">
  <testcase classname="test.VerifyDetails" name="VerifyIfProductsDetailsOnQuickViewTab" time="11.806"/>
  <system-out/>
  <testcase classname="test.VerifyDetails" name="verifyIfProductsDetailsOnShoppingcartAreSimilarToProductAddedFromQuickViewTab" time="17.048"/>
  <system-out/>
  <testcase classname="test.VerifyDetails" name="addSingleToCartAndVerifyIfUnitPriceShippingPriceIsEqualToOrderAmount" time="20.082"/>
  <system-out/>
  <testcase classname="test.VerifyDetails" name="AddTwoToCartAndVerifyIfUnitPriceShippingPriceIsEqualToOrderAmountAndAlsoVerifyIfSumOfOrderAmountIsEqualToCartAmount" time="26.638"/>
  <system-out/>
</testsuite> <!-- test.VerifyDetails -->
