<?xml version="1.0" encoding="UTF-8"?>
<!-- Generated by org.testng.reporters.JUnitReportReporter -->
<testsuite hostname="DESKTOP-0L4OL9P" failures="0" tests="2" name="test.AddtoCartPage" time="87.493" errors="0" timestamp="2024-01-09T23:55:01 IST" skipped="0">
  <testcase classname="test.AddtoCartPage" name="verifyIfUserIsAbleToAddProductToCartUsingQuickViewOption" time="74.840"/>
  <system-out/>
  <testcase classname="test.AddtoCartPage" name="verifyIfUserIsAbleToAddProductToCartUsingQuickViewOption" time="12.653"/>
  <system-out/>
</testsuite> <!-- test.AddtoCartPage -->
