<?xml version="1.0" encoding="UTF-8"?>
<!-- Generated by org.testng.reporters.JUnitReportReporter -->
<testsuite hostname="DESKTOP-0L4OL9P" failures="0" tests="1" name="test.ProcessOfPayment" time="41.877" errors="0" timestamp="2024-01-14T00:56:31 IST" skipped="0">
  <testcase classname="test.ProcessOfPayment" name="verifyThePaymentProcess" time="41.877"/>
  <system-out/>
</testsuite> <!-- test.ProcessOfPayment -->
