<?xml version="1.0" encoding="UTF-8"?>
<!-- Generated by org.testng.reporters.JUnitReportReporter -->
<testsuite hostname="DESKTOP-0L4OL9P" failures="0" tests="2" name="test.verifyShoppingCategoriesTest" time="32.445" errors="0" timestamp="2024-01-03T19:21:40 IST" skipped="0">
  <testcase classname="test.verifyShoppingCategoriesTest" name="verifyIfUserIsAbleToAccessShoppingCategorie" time="19.797"/>
  <system-out/>
  <testcase classname="test.verifyShoppingCategoriesTest" name="verifyIfUserIsAbleToSearchProduct" time="12.648"/>
  <system-out/>
</testsuite> <!-- test.verifyShoppingCategoriesTest -->
