<?xml version="1.0" encoding="UTF-8"?>
<!-- Generated by org.testng.reporters.JUnitReportReporter -->
<testsuite hostname="DESKTOP-0L4OL9P" failures="0" tests="4" name="test.Sample" time="0.023" errors="0" timestamp="2024-01-11T23:25:02 IST" skipped="0">
  <testcase classname="test.Sample" name="addition" time="0.001"/>
  <system-out/>
  <testcase classname="test.Sample" name="addition" time="0.005"/>
  <system-out/>
  <testcase classname="test.Sample" name="addition" time="0.003"/>
  <system-out/>
  <testcase classname="test.Sample" name="addition" time="0.014"/>
  <system-out/>
</testsuite> <!-- test.Sample -->
