<?xml version="1.0" encoding="UTF-8"?>
<!-- Generated by org.testng.reporters.JUnitReportReporter -->
<testsuite hostname="DESKTOP-0L4OL9P" failures="0" tests="2" name="test.RemoveElementsFromCart" time="38.237" errors="0" timestamp="2024-01-09T23:55:01 IST" skipped="0">
  <testcase classname="test.RemoveElementsFromCart" name="verifyIfUserIsAbleToRemoveTheProductFromCart" time="21.250"/>
  <system-out/>
  <testcase classname="test.RemoveElementsFromCart" name="verifyIfUserIsAbleToRemoveTheProductFromCart" time="16.987"/>
  <system-out/>
</testsuite> <!-- test.RemoveElementsFromCart -->
