<?xml version="1.0" encoding="UTF-8"?>
<!-- Generated by org.testng.reporters.JUnitReportReporter -->
<testsuite hostname="DESKTOP-0L4OL9P" failures="0" tests="1" name="test.Sample" time="0.029" errors="0" timestamp="2024-01-09T23:13:58 IST" skipped="0">
  <testcase classname="test.Sample" name="addition" time="0.029"/>
  <system-out/>
</testsuite> <!-- test.Sample -->
