<?xml version="1.0" encoding="UTF-8"?>
<!-- Generated by org.testng.reporters.JUnitReportReporter -->
<testsuite hostname="DESKTOP-0L4OL9P" failures="0" tests="1" name="test.ProcessOfPaymentTest" time="79.841" errors="0" timestamp="2024-01-17T22:42:00 IST" skipped="0">
  <testcase classname="test.ProcessOfPaymentTest" name="verifyThePaymentProcess" time="79.841"/>
  <system-out/>
</testsuite> <!-- test.ProcessOfPaymentTest -->
