<?xml version="1.0" encoding="UTF-8"?>
<!-- Generated by org.testng.reporters.JUnitReportReporter -->
<testsuite hostname="DESKTOP-0L4OL9P" failures="0" tests="1" name="test.VerifyDetails" time="86.758" errors="0" timestamp="2024-01-13T19:23:22 IST" skipped="0">
  <testcase classname="test.VerifyDetails" name="AddTwoToCartAndVerifyIfUnitPriceShippingPriceIsEqualToOrderAmountAndAlsoVerifyIfSumOfOrderAmountIsEqualToCartAmount" time="86.758"/>
  <system-out/>
</testsuite> <!-- test.VerifyDetails -->
