<?xml version="1.0" encoding="UTF-8"?>
<!-- Generated by org.testng.reporters.JUnitReportReporter -->
<testsuite hostname="DESKTOP-0L4OL9P" failures="0" tests="1" name="test.AddMultipleProductOnCart" time="42.195" errors="0" timestamp="2024-01-08T21:40:34 IST" skipped="0">
  <testcase classname="test.AddMultipleProductOnCart" name="verifyIfUserIsAbleToAddMultipleProductToCartUsingQuickViewOption" time="42.195"/>
  <system-out/>
</testsuite> <!-- test.AddMultipleProductOnCart -->
