<?xml version="1.0" encoding="UTF-8"?>
<!-- Generated by org.testng.reporters.JUnitReportReporter -->
<testsuite hostname="DESKTOP-0L4OL9P" failures="0" tests="1" name="test.verifyIfUserIsAbleToSearchProduct" time="14.177" errors="0" timestamp="2024-01-03T22:38:49 IST" skipped="0">
  <testcase classname="test.verifyIfUserIsAbleToSearchProduct" name="verifyIfUserIsAbleToSearchProducts" time="14.177"/>
  <system-out/>
</testsuite> <!-- test.verifyIfUserIsAbleToSearchProduct -->
