<?xml version="1.0" encoding="UTF-8"?>
<!-- Generated by org.testng.reporters.JUnitReportReporter -->
<testsuite hostname="DESKTOP-0L4OL9P" failures="0" tests="1" name="test.AddMultipleProductOnCart" time="19.760" errors="0" timestamp="2024-01-09T00:09:52 IST" skipped="0">
  <testcase classname="test.AddMultipleProductOnCart" name="verifyIfUserIsAbleToAddMultipleProductToCartUsingQuickViewOption" time="19.760"/>
  <system-out/>
</testsuite> <!-- test.AddMultipleProductOnCart -->
