<?xml version="1.0" encoding="UTF-8"?>
<!-- Generated by org.testng.reporters.JUnitReportReporter -->
<testsuite hostname="DESKTOP-0L4OL9P" failures="0" tests="2" name="test.AddProductUsingDescription" time="24.973" errors="0" timestamp="2024-01-09T23:55:01 IST" skipped="0">
  <testcase classname="test.AddProductUsingDescription" name="verifyIfUserIsAbleToAddProductToCartUsingDescription" time="15.282"/>
  <system-out/>
  <testcase classname="test.AddProductUsingDescription" name="verifyIfUserIsAbleToAddProductToCartUsingDescription" time="9.691"/>
  <system-out/>
</testsuite> <!-- test.AddProductUsingDescription -->
